<?xml version="1.0" encoding="UTF-8"?>
<testsuite name="PingPongTest" tests="5" skipped="0" failures="0" errors="0" timestamp="2017-03-15T16:33:51" hostname="Epicodus-5E.local" time="0.002">
  <properties/>
  <testcase name="runPingPong_countUpToGivenNumber_ArrayList" classname="PingPongTest" time="0.001"/>
  <testcase name="runPingPong_replaceMultiplesOf3_ArrayList" classname="PingPongTest" time="0.0"/>
  <testcase name="runPingPong_replaceMultiplesOf5_ArrayList" classname="PingPongTest" time="0.0"/>
  <testcase name="runPingPong_replaceMultiplesOf15_ArrayList" classname="PingPongTest" time="0.0"/>
  <testcase name="runPingPong_countUpToOne_ArrayList" classname="PingPongTest" time="0.0"/>
  <system-out><![CDATA[]]></system-out>
  <system-err><![CDATA[]]></system-err>
</testsuite>
